  d3dApp.cpp
c:\users\101193350\desktop\gbc04\3111\common\d3dapp.cpp(386): error C2440: '=': cannot convert from 'const wchar_t [8]' to 'LPCSTR'
  c:\users\101193350\desktop\gbc04\3111\common\d3dapp.cpp(386): note: Types pointed to are unrelated; conversion requires reinterpret_cast, C-style cast or function-style cast
c:\users\101193350\desktop\gbc04\3111\common\d3dapp.cpp(390): error C2664: 'int MessageBoxA(HWND,LPCSTR,LPCSTR,UINT)': cannot convert argument 2 from 'const wchar_t [22]' to 'LPCSTR'
  c:\users\101193350\desktop\gbc04\3111\common\d3dapp.cpp(390): note: Types pointed to are unrelated; conversion requires reinterpret_cast, C-style cast or function-style cast
c:\users\101193350\desktop\gbc04\3111\common\d3dapp.cpp(400): error C2664: 'HWND CreateWindowExA(DWORD,LPCSTR,LPCSTR,DWORD,int,int,int,int,HWND,HMENU,HINSTANCE,LPVOID)': cannot convert argument 2 from 'const wchar_t [8]' to 'LPCSTR'
  c:\users\101193350\desktop\gbc04\3111\common\d3dapp.cpp(401): note: Types pointed to are unrelated; conversion requires reinterpret_cast, C-style cast or function-style cast
c:\users\101193350\desktop\gbc04\3111\common\d3dapp.cpp(404): error C2664: 'int MessageBoxA(HWND,LPCSTR,LPCSTR,UINT)': cannot convert argument 2 from 'const wchar_t [21]' to 'LPCSTR'
  c:\users\101193350\desktop\gbc04\3111\common\d3dapp.cpp(404): note: Types pointed to are unrelated; conversion requires reinterpret_cast, C-style cast or function-style cast
c:\users\101193350\desktop\gbc04\3111\common\d3dapp.cpp(615): error C2664: 'BOOL SetWindowTextA(HWND,LPCSTR)': cannot convert argument 2 from 'const _Elem *' to 'LPCSTR'
          with
          [
              _Elem=wchar_t
          ]
  c:\users\101193350\desktop\gbc04\3111\common\d3dapp.cpp(615): note: Types pointed to are unrelated; conversion requires reinterpret_cast, C-style cast or function-style cast
c:\users\101193350\desktop\gbc04\3111\common\d3dapp.cpp(637): error C2664: 'void OutputDebugStringA(LPCSTR)': cannot convert argument 1 from 'const _Elem *' to 'LPCSTR'
          with
          [
              _Elem=wchar_t
          ]
  c:\users\101193350\desktop\gbc04\3111\common\d3dapp.cpp(637): note: Types pointed to are unrelated; conversion requires reinterpret_cast, C-style cast or function-style cast
c:\users\101193350\desktop\gbc04\3111\common\d3dapp.cpp(663): error C2664: 'void OutputDebugStringA(LPCSTR)': cannot convert argument 1 from 'const _Elem *' to 'LPCSTR'
          with
          [
              _Elem=wchar_t
          ]
  c:\users\101193350\desktop\gbc04\3111\common\d3dapp.cpp(663): note: Types pointed to are unrelated; conversion requires reinterpret_cast, C-style cast or function-style cast
c:\users\101193350\desktop\gbc04\3111\common\d3dapp.cpp(694): error C2664: 'void OutputDebugStringA(LPCSTR)': cannot convert argument 1 from 'const _Elem *' to 'LPCSTR'
          with
          [
              _Elem=wchar_t
          ]
  c:\users\101193350\desktop\gbc04\3111\common\d3dapp.cpp(694): note: Types pointed to are unrelated; conversion requires reinterpret_cast, C-style cast or function-style cast
  d3dUtil.cpp
c:\users\101193350\desktop\gbc04\3111\common\d3dutil.cpp(30): warning C4244: 'argument': conversion from 'std::streamoff' to 'SIZE_T', possible loss of data
c:\users\101193350\desktop\gbc04\3111\common\d3dutil.cpp(70): warning C4244: '=': conversion from 'UINT64' to 'LONG_PTR', possible loss of data
c:\users\101193350\desktop\gbc04\3111\common\d3dutil.cpp(120): error C2440: 'initializing': cannot convert from 'const TCHAR *' to 'std::basic_string<wchar_t,std::char_traits<wchar_t>,std::allocator<wchar_t>>'
  c:\users\101193350\desktop\gbc04\3111\common\d3dutil.cpp(120): note: No constructor could take the source type, or constructor overload resolution was ambiguous
  Generating Code...
