c:\users\crizz\desktop\gbc04\3111\week3\week3\debug\vc141.pdb
c:\users\crizz\desktop\gbc04\3111\week3\week3\debug\vc141.idb
c:\users\crizz\desktop\gbc04\3111\week3\week3\debug\triangle.obj
c:\users\crizz\desktop\gbc04\3111\week3\week3\debug\mathhelper.obj
c:\users\crizz\desktop\gbc04\3111\week3\week3\debug\geometrygenerator.obj
c:\users\crizz\desktop\gbc04\3111\week3\week3\debug\gametimer.obj
c:\users\crizz\desktop\gbc04\3111\week3\week3\debug\ddstextureloader.obj
c:\users\crizz\desktop\gbc04\3111\week3\week3\debug\d3dutil.obj
c:\users\crizz\desktop\gbc04\3111\week3\week3\debug\d3dapp.obj
c:\users\crizz\desktop\gbc04\3111\week3\week3\debug\camera.obj
c:\users\crizz\desktop\gbc04\3111\week3\week3\debug\winmain.obj
c:\users\crizz\desktop\gbc04\3111\week3\week3\debug\frameresource.obj
c:\users\crizz\desktop\gbc04\3111\week3\debug\color.cso
c:\users\crizz\desktop\gbc04\3111\week3\debug\week3.exe
c:\users\crizz\desktop\gbc04\3111\week3\debug\week3.ilk
c:\users\crizz\desktop\gbc04\3111\week3\debug\week3.pdb
c:\users\crizz\desktop\gbc04\3111\week3\week3\debug\dxapp.obj
c:\users\crizz\desktop\gbc04\3111\week3\week3\debug\week3.tlog\cl.command.1.tlog
c:\users\crizz\desktop\gbc04\3111\week3\week3\debug\week3.tlog\cl.read.1.tlog
c:\users\crizz\desktop\gbc04\3111\week3\week3\debug\week3.tlog\cl.write.1.tlog
c:\users\crizz\desktop\gbc04\3111\week3\week3\debug\week3.tlog\fxc.command.1.tlog
c:\users\crizz\desktop\gbc04\3111\week3\week3\debug\week3.tlog\fxc.read.1.tlog
c:\users\crizz\desktop\gbc04\3111\week3\week3\debug\week3.tlog\fxc.write.1.tlog
c:\users\crizz\desktop\gbc04\3111\week3\week3\debug\week3.tlog\link.command.1.tlog
c:\users\crizz\desktop\gbc04\3111\week3\week3\debug\week3.tlog\link.read.1.tlog
c:\users\crizz\desktop\gbc04\3111\week3\week3\debug\week3.tlog\link.write.1.tlog
